<?xml version="1.0" encoding="UTF-8"?>
<!-- Generated by org.testng.reporters.JUnitXMLReporter -->
<testsuite ignored="0" hostname="DESKTOP-106RS03" failures="0" tests="8" name="Login_Inventory_Test" time="46.686" errors="0" timestamp="2024-01-29T22:27:50 IST">
  <testcase classname="testcases.InventoryPageTest" name="verifyadd4product" time="0.691"/>
  <testcase classname="testcases.InventoryPageTest" name="verifyfootertextTest" time="0.081"/>
  <testcase classname="testcases.InventoryPageTest" name="verifyinventorypageURLTest" time="0.016"/>
  <testcase classname="testcases.InventoryPageTest" name="verifyremove2product" time="0.902"/>
  <testcase classname="testcases.InventoryPageTest" name="verifytwitterlogoTest" time="0.078"/>
  <testcase classname="testcases.LoginPageTest" name="logintoAppicationTEST" time="0.508"/>
  <testcase classname="testcases.LoginPageTest" name="verifyTITLEofApplicationTEST" time="2.157"/>
  <testcase classname="testcases.LoginPageTest" name="verifyURLofApplication" time="0.022"/>
</testsuite> <!-- Login_Inventory_Test -->
