<?xml version="1.0" encoding="UTF-8"?>
<!-- Generated by org.testng.reporters.JUnitReportReporter -->
<testsuite hostname="DESKTOP-106RS03" failures="0" tests="5" name="testcases.InventoryPageTest" time="20.128" errors="0" timestamp="2024-01-30T12:07:49 IST" skipped="0">
  <testcase classname="testcases.InventoryPageTest" name="verifytwitterlogoTest" time="3.899"/>
  <system-out>
    <![CDATA[Is Twitter Logo Displayed or Not = true]]>
  </system-out>
  <testcase classname="testcases.InventoryPageTest" name="verifyadd4product" time="4.845"/>
  <system-out>
    <![CDATA[No. of Product in Cart = 4]]>
  </system-out>
  <testcase classname="testcases.InventoryPageTest" name="verifyremove2product" time="4.351"/>
  <system-out>
    <![CDATA[Remaining No. of Product = 2]]>
  </system-out>
  <testcase classname="testcases.InventoryPageTest" name="verifyfootertextTest" time="3.441"/>
  <system-out>
    <![CDATA[Text of Footer© 2024 Sauce Labs. All Rights Reserved. Terms of Service | Privacy Policy]]>
  </system-out>
  <testcase classname="testcases.InventoryPageTest" name="verifyinventorypageURLTest" time="3.592"/>
  <system-out>
    <![CDATA[Inventory Page URL = https://www.saucedemo.com/inventory.html]]>
  </system-out>
</testsuite> <!-- testcases.InventoryPageTest -->
