<?xml version="1.0" encoding="UTF-8"?>
<!-- Generated by org.testng.reporters.JUnitXMLReporter -->
<testsuite ignored="0" hostname="DESKTOP-106RS03" failures="0" tests="24" name="LICCC_Test" time="155.491" errors="0" timestamp="2024-01-30T00:33:08 IST">
  <testcase classname="testcases.CheckOutPage1Test" name="verifycheckoutpageURLTest" time="0.022"/>
  <testcase classname="testcases.CheckOutPage1Test" name="verifyinputinfo" time="0.69"/>
  <testcase classname="testcases.InventoryPageTest" name="verifyadd4product" time="1.208"/>
  <testcase classname="testcases.InventoryPageTest" name="verifyfootertextTest" time="0.083"/>
  <testcase classname="testcases.InventoryPageTest" name="verifyinventorypageURLTest" time="0.013"/>
  <testcase classname="testcases.InventoryPageTest" name="verifyremove2product" time="0.886"/>
  <testcase classname="testcases.InventoryPageTest" name="verifytwitterlogoTest" time="0.143"/>
  <testcase classname="testcases.CartPageTest" name="clickoncheckoutbtnTest" time="0.141"/>
  <testcase classname="testcases.CartPageTest" name="clickoncontinueshopbtnTest" time="0.156"/>
  <testcase classname="testcases.CartPageTest" name="verifycartlableTest" time="0.049"/>
  <testcase classname="testcases.CartPageTest" name="verifycartpageURLTest" time="0.012"/>
  <testcase classname="testcases.CheckOutPage2Test" name="VerifyCheckOutPage2URLTest" time="0.01"/>
  <testcase classname="testcases.CheckOutPage2Test" name="VerifyFPEDTextTest" time="0.038"/>
  <testcase classname="testcases.CheckOutPage2Test" name="VerifyITTextTest" time="0.049"/>
  <testcase classname="testcases.CheckOutPage2Test" name="VerifyPITTextTest" time="0.038"/>
  <testcase classname="testcases.CheckOutPage2Test" name="VerifyPTTextTest" time="0.03"/>
  <testcase classname="testcases.CheckOutPage2Test" name="VerifySCTextTest" time="0.037"/>
  <testcase classname="testcases.CheckOutPage2Test" name="VerifySITextTest" time="0.035"/>
  <testcase classname="testcases.CheckOutPage2Test" name="VerifyTaxTextTest" time="0.028"/>
  <testcase classname="testcases.CheckOutPage2Test" name="VerifyTotalText1Test" time="0.029"/>
  <testcase classname="testcases.CheckOutPage2Test" name="Verifyfinishbtn" time="0.1"/>
  <testcase classname="testcases.LoginPageTest" name="verifyURLofApplication" time="2.318"/>
  <testcase classname="testcases.LoginPageTest" name="logintoAppicationTEST" time="0.552"/>
  <testcase classname="testcases.LoginPageTest" name="verifyTITLEofApplicationTEST" time="0.021"/>
</testsuite> <!-- LICCC_Test -->
